# JRE version: OpenJDK Runtime Environment (8.0_242) (build 1.8.0_242-release-1644-b3-6222593)
# Java VM: OpenJDK 64-Bit Server VM (25.242-b3-6222593 mixed mode linux-amd64 compressed oops)
Heap:
 PSYoungGen      total 464384K, used 233695K [0x00000000e0000000, 0x00000000ffb00000, 0x0000000100000000)
  eden space 414208K, 54% used [0x00000000e0000000,0x00000000edb9f0c8,0x00000000f9480000)
  from space 50176K, 17% used [0x00000000f9480000,0x00000000f9d18b60,0x00000000fc580000)
  to   space 47616K, 0% used [0x00000000fcc80000,0x00000000fcc80000,0x00000000ffb00000)
 ParOldGen       total 318976K, used 286920K [0x00000000a0000000, 0x00000000b3780000, 0x00000000e0000000)
  object space 318976K, 89% used [0x00000000a0000000,0x00000000b1832200,0x00000000b3780000)
 Metaspace       used 116940K, capacity 124064K, committed 124440K, reserved 1157120K
  class space    used 15163K, capacity 16538K, committed 16688K, reserved 1048576K
GC Heap History (10 events):
Event: 1191,949 GC heap before
{Heap before GC invocations=52 (full 5):
 PSYoungGen      total 450048K, used 397344K [0x00000000e0000000, 0x00000000ff680000, 0x0000000100000000)
  eden space 389632K, 100% used [0x00000000e0000000,0x00000000f7c80000,0x00000000f7c80000)
  from space 60416K, 12% used [0x00000000fbb80000,0x00000000fc308150,0x00000000ff680000)
  to   space 62464K, 0% used [0x00000000f7c80000,0x00000000f7c80000,0x00000000fb980000)
 ParOldGen       total 318976K, used 255924K [0x00000000a0000000, 0x00000000b3780000, 0x00000000e0000000)
  object space 318976K, 80% used [0x00000000a0000000,0x00000000af9ed2a8,0x00000000b3780000)
 Metaspace       used 116664K, capacity 123722K, committed 123800K, reserved 1157120K
  class space    used 15132K, capacity 16513K, committed 16560K, reserved 1048576K
Event: 1192,019 GC heap after
Heap after GC invocations=52 (full 5):
 PSYoungGen      total 452096K, used 19145K [0x00000000e0000000, 0x00000000ffb00000, 0x0000000100000000)
  eden space 389632K, 0% used [0x00000000e0000000,0x00000000e0000000,0x00000000f7c80000)
  from space 62464K, 30% used [0x00000000f7c80000,0x00000000f8f32600,0x00000000fb980000)
  to   space 58880K, 0% used [0x00000000fc180000,0x00000000fc180000,0x00000000ffb00000)
 ParOldGen       total 318976K, used 260631K [0x00000000a0000000, 0x00000000b3780000, 0x00000000e0000000)
  object space 318976K, 81% used [0x00000000a0000000,0x00000000afe85c68,0x00000000b3780000)
 Metaspace       used 116664K, capacity 123722K, committed 123800K, reserved 1157120K
  class space    used 15132K, capacity 16513K, committed 16560K, reserved 1048576K
}
Event: 1193,569 GC heap before
{Heap before GC invocations=53 (full 5):
 PSYoungGen      total 452096K, used 408777K [0x00000000e0000000, 0x00000000ffb00000, 0x0000000100000000)
  eden space 389632K, 100% used [0x00000000e0000000,0x00000000f7c80000,0x00000000f7c80000)
  from space 62464K, 30% used [0x00000000f7c80000,0x00000000f8f32600,0x00000000fb980000)
  to   space 58880K, 0% used [0x00000000fc180000,0x00000000fc180000,0x00000000ffb00000)
 ParOldGen       total 318976K, used 260631K [0x00000000a0000000, 0x00000000b3780000, 0x00000000e0000000)
  object space 318976K, 81% used [0x00000000a0000000,0x00000000afe85c68,0x00000000b3780000)
 Metaspace       used 116667K, capacity 123722K, committed 123800K, reserved 1157120K
  class space    used 15132K, capacity 16513K, committed 16560K, reserved 1048576K
Event: 1193,616 GC heap after
Heap after GC invocations=53 (full 5):
 PSYoungGen      total 459264K, used 5349K [0x00000000e0000000, 0x00000000ff880000, 0x0000000100000000)
  eden space 402944K, 0% used [0x00000000e0000000,0x00000000e0000000,0x00000000f8980000)
  from space 56320K, 9% used [0x00000000fc180000,0x00000000fc6b9560,0x00000000ff880000)
  to   space 56832K, 0% used [0x00000000f8980000,0x00000000f8980000,0x00000000fc100000)
 ParOldGen       total 318976K, used 269397K [0x00000000a0000000, 0x00000000b3780000, 0x00000000e0000000)
  object space 318976K, 84% used [0x00000000a0000000,0x00000000b0715750,0x00000000b3780000)
 Metaspace       used 116667K, capacity 123722K, committed 123800K, reserved 1157120K
  class space    used 15132K, capacity 16513K, committed 16560K, reserved 1048576K
}
Event: 1195,047 GC heap before
{Heap before GC invocations=54 (full 5):
 PSYoungGen      total 459264K, used 408293K [0x00000000e0000000, 0x00000000ff880000, 0x0000000100000000)
  eden space 402944K, 100% used [0x00000000e0000000,0x00000000f8980000,0x00000000f8980000)
  from space 56320K, 9% used [0x00000000fc180000,0x00000000fc6b9560,0x00000000ff880000)
  to   space 56832K, 0% used [0x00000000f8980000,0x00000000f8980000,0x00000000fc100000)
 ParOldGen       total 318976K, used 269397K [0x00000000a0000000, 0x00000000b3780000, 0x00000000e0000000)
  object space 318976K, 84% used [0x00000000a0000000,0x00000000b0715750,0x00000000b3780000)
 Metaspace       used 116674K, capacity 123730K, committed 123800K, reserved 1157120K
  class space    used 15132K, capacity 16513K, committed 16560K, reserved 1048576K
Event: 1195,074 GC heap after
Heap after GC invocations=54 (full 5):
 PSYoungGen      total 459776K, used 9721K [0x00000000e0000000, 0x00000000ff980000, 0x0000000100000000)
  eden space 402944K, 0% used [0x00000000e0000000,0x00000000e0000000,0x00000000f8980000)
  from space 56832K, 17% used [0x00000000f8980000,0x00000000f92fe7a0,0x00000000fc100000)
  to   space 53248K, 0% used [0x00000000fc580000,0x00000000fc580000,0x00000000ff980000)
 ParOldGen       total 318976K, used 273672K [0x00000000a0000000, 0x00000000b3780000, 0x00000000e0000000)
  object space 318976K, 85% used [0x00000000a0000000,0x00000000b0b42260,0x00000000b3780000)
 Metaspace       used 116674K, capacity 123730K, committed 123800K, reserved 1157120K
  class space    used 15132K, capacity 16513K, committed 16560K, reserved 1048576K
}
Event: 1196,558 GC heap before
{Heap before GC invocations=55 (full 5):
 PSYoungGen      total 459776K, used 412665K [0x00000000e0000000, 0x00000000ff980000, 0x0000000100000000)
  eden space 402944K, 100% used [0x00000000e0000000,0x00000000f8980000,0x00000000f8980000)
  from space 56832K, 17% used [0x00000000f8980000,0x00000000f92fe7a0,0x00000000fc100000)
  to   space 53248K, 0% used [0x00000000fc580000,0x00000000fc580000,0x00000000ff980000)
 ParOldGen       total 318976K, used 273672K [0x00000000a0000000, 0x00000000b3780000, 0x00000000e0000000)
  object space 318976K, 85% used [0x00000000a0000000,0x00000000b0b42260,0x00000000b3780000)
 Metaspace       used 116826K, capacity 123922K, committed 124056K, reserved 1157120K
  class space    used 15150K, capacity 16523K, committed 16560K, reserved 1048576K
Event: 1196,615 GC heap after
Heap after GC invocations=55 (full 5):
 PSYoungGen      total 464384K, used 12860K [0x00000000e0000000, 0x00000000ff680000, 0x0000000100000000)
  eden space 414208K, 0% used [0x00000000e0000000,0x00000000e0000000,0x00000000f9480000)
  from space 50176K, 25% used [0x00000000fc580000,0x00000000fd20f3a0,0x00000000ff680000)
  to   space 50176K, 0% used [0x00000000f9480000,0x00000000f9480000,0x00000000fc580000)
 ParOldGen       total 318976K, used 280940K [0x00000000a0000000, 0x00000000b3780000, 0x00000000e0000000)
  object space 318976K, 88% used [0x00000000a0000000,0x00000000b125b168,0x00000000b3780000)
 Metaspace       used 116826K, capacity 123922K, committed 124056K, reserved 1157120K
  class space    used 15150K, capacity 16523K, committed 16560K, reserved 1048576K
}
Event: 1198,229 GC heap before
{Heap before GC invocations=56 (full 5):
 PSYoungGen      total 464384K, used 427068K [0x00000000e0000000, 0x00000000ff680000, 0x0000000100000000)
  eden space 414208K, 100% used [0x00000000e0000000,0x00000000f9480000,0x00000000f9480000)
  from space 50176K, 25% used [0x00000000fc580000,0x00000000fd20f3a0,0x00000000ff680000)
  to   space 50176K, 0% used [0x00000000f9480000,0x00000000f9480000,0x00000000fc580000)
 ParOldGen       total 318976K, used 280940K [0x00000000a0000000, 0x00000000b3780000, 0x00000000e0000000)
  object space 318976K, 88% used [0x00000000a0000000,0x00000000b125b168,0x00000000b3780000)
 Metaspace       used 116843K, capacity 123934K, committed 124056K, reserved 1157120K
  class space    used 15151K, capacity 16525K, committed 16560K, reserved 1048576K
Event: 1198,253 GC heap after
Heap after GC invocations=56 (full 5):
 PSYoungGen      total 464384K, used 8802K [0x00000000e0000000, 0x00000000ffb00000, 0x0000000100000000)
  eden space 414208K, 0% used [0x00000000e0000000,0x00000000e0000000,0x00000000f9480000)
  from space 50176K, 17% used [0x00000000f9480000,0x00000000f9d18b60,0x00000000fc580000)
  to   space 47616K, 0% used [0x00000000fcc80000,0x00000000fcc80000,0x00000000ffb00000)
 ParOldGen       total 318976K, used 286920K [0x00000000a0000000, 0x00000000b3780000, 0x00000000e0000000)
  object space 318976K, 89% used [0x00000000a0000000,0x00000000b1832200,0x00000000b3780000)
 Metaspace       used 116843K, capacity 123934K, committed 124056K, reserved 1157120K
  class space    used 15151K, capacity 16525K, committed 16560K, reserved 1048576K
}

