# JRE version: OpenJDK Runtime Environment (8.0_242) (build 1.8.0_242-release-1644-b3-6222593)
# Java VM: OpenJDK 64-Bit Server VM (25.242-b3-6222593 mixed mode linux-amd64 compressed oops)
Heap:
 PSYoungGen      total 412160K, used 207063K [0x00000000e0000000, 0x0000000100000000, 0x0000000100000000)
  eden space 300032K, 60% used [0x00000000e0000000,0x00000000eb2a29e0,0x00000000f2500000)
  from space 112128K, 21% used [0x00000000f2500000,0x00000000f3c933a8,0x00000000f9280000)
  to   space 107520K, 0% used [0x00000000f9700000,0x00000000f9700000,0x0000000100000000)
 ParOldGen       total 358912K, used 238402K [0x00000000a0000000, 0x00000000b5e80000, 0x00000000e0000000)
  object space 358912K, 66% used [0x00000000a0000000,0x00000000ae8d09f0,0x00000000b5e80000)
 Metaspace       used 120610K, capacity 126428K, committed 126640K, reserved 1159168K
  class space    used 15327K, capacity 16436K, committed 16560K, reserved 1048576K
GC Heap History (10 events):
Event: 5996,351 GC heap before
{Heap before GC invocations=50 (full 7):
 PSYoungGen      total 460800K, used 63480K [0x00000000e0000000, 0x0000000100000000, 0x0000000100000000)
  eden space 397312K, 0% used [0x00000000e0000000,0x00000000e0000000,0x00000000f8400000)
  from space 63488K, 99% used [0x00000000f8400000,0x00000000fc1fe3c0,0x00000000fc200000)
  to   space 63488K, 0% used [0x00000000fc200000,0x00000000fc200000,0x0000000100000000)
 ParOldGen       total 296448K, used 290682K [0x00000000a0000000, 0x00000000b2180000, 0x00000000e0000000)
  object space 296448K, 98% used [0x00000000a0000000,0x00000000b1bdeae8,0x00000000b2180000)
 Metaspace       used 117965K, capacity 123106K, committed 123440K, reserved 1157120K
  class space    used 14973K, capacity 15967K, committed 16176K, reserved 1048576K
Event: 5996,987 GC heap after
Heap after GC invocations=50 (full 7):
 PSYoungGen      total 460800K, used 0K [0x00000000e0000000, 0x0000000100000000, 0x0000000100000000)
  eden space 397312K, 0% used [0x00000000e0000000,0x00000000e0000000,0x00000000f8400000)
  from space 63488K, 0% used [0x00000000f8400000,0x00000000f8400000,0x00000000fc200000)
  to   space 63488K, 0% used [0x00000000fc200000,0x00000000fc200000,0x0000000100000000)
 ParOldGen       total 358912K, used 180621K [0x00000000a0000000, 0x00000000b5e80000, 0x00000000e0000000)
  object space 358912K, 50% used [0x00000000a0000000,0x00000000ab063570,0x00000000b5e80000)
 Metaspace       used 117948K, capacity 123064K, committed 123440K, reserved 1157120K
  class space    used 14967K, capacity 15956K, committed 16176K, reserved 1048576K
}
Event: 6785,498 GC heap before
{Heap before GC invocations=51 (full 7):
 PSYoungGen      total 460800K, used 397312K [0x00000000e0000000, 0x0000000100000000, 0x0000000100000000)
  eden space 397312K, 100% used [0x00000000e0000000,0x00000000f8400000,0x00000000f8400000)
  from space 63488K, 0% used [0x00000000f8400000,0x00000000f8400000,0x00000000fc200000)
  to   space 63488K, 0% used [0x00000000fc200000,0x00000000fc200000,0x0000000100000000)
 ParOldGen       total 358912K, used 180621K [0x00000000a0000000, 0x00000000b5e80000, 0x00000000e0000000)
  object space 358912K, 50% used [0x00000000a0000000,0x00000000ab063570,0x00000000b5e80000)
 Metaspace       used 120086K, capacity 125574K, committed 125744K, reserved 1159168K
  class space    used 15275K, capacity 16295K, committed 16432K, reserved 1048576K
Event: 6785,530 GC heap after
Heap after GC invocations=51 (full 7):
 PSYoungGen      total 412672K, used 32339K [0x00000000e0000000, 0x0000000100000000, 0x0000000100000000)
  eden space 349184K, 0% used [0x00000000e0000000,0x00000000e0000000,0x00000000f5500000)
  from space 63488K, 50% used [0x00000000fc200000,0x00000000fe194da0,0x0000000100000000)
  to   space 87552K, 0% used [0x00000000f5500000,0x00000000f5500000,0x00000000faa80000)
 ParOldGen       total 358912K, used 180629K [0x00000000a0000000, 0x00000000b5e80000, 0x00000000e0000000)
  object space 358912K, 50% used [0x00000000a0000000,0x00000000ab065570,0x00000000b5e80000)
 Metaspace       used 120086K, capacity 125574K, committed 125744K, reserved 1159168K
  class space    used 15275K, capacity 16295K, committed 16432K, reserved 1048576K
}
Event: 6786,680 GC heap before
{Heap before GC invocations=52 (full 7):
 PSYoungGen      total 412672K, used 380152K [0x00000000e0000000, 0x0000000100000000, 0x0000000100000000)
  eden space 349184K, 99% used [0x00000000e0000000,0x00000000f53a9490,0x00000000f5500000)
  from space 63488K, 50% used [0x00000000fc200000,0x00000000fe194da0,0x0000000100000000)
  to   space 87552K, 0% used [0x00000000f5500000,0x00000000f5500000,0x00000000faa80000)
 ParOldGen       total 358912K, used 180629K [0x00000000a0000000, 0x00000000b5e80000, 0x00000000e0000000)
  object space 358912K, 50% used [0x00000000a0000000,0x00000000ab065570,0x00000000b5e80000)
 Metaspace       used 120147K, capacity 125620K, committed 125744K, reserved 1159168K
  class space    used 15281K, capacity 16328K, committed 16432K, reserved 1048576K
Event: 6786,719 GC heap after
Heap after GC invocations=52 (full 7):
 PSYoungGen      total 401408K, used 51750K [0x00000000e0000000, 0x0000000100000000, 0x0000000100000000)
  eden space 349184K, 0% used [0x00000000e0000000,0x00000000e0000000,0x00000000f5500000)
  from space 52224K, 99% used [0x00000000f5500000,0x00000000f8789ac8,0x00000000f8800000)
  to   space 89600K, 0% used [0x00000000fa880000,0x00000000fa880000,0x0000000100000000)
 ParOldGen       total 358912K, used 200737K [0x00000000a0000000, 0x00000000b5e80000, 0x00000000e0000000)
  object space 358912K, 55% used [0x00000000a0000000,0x00000000ac408460,0x00000000b5e80000)
 Metaspace       used 120147K, capacity 125620K, committed 125744K, reserved 1159168K
  class space    used 15281K, capacity 16328K, committed 16432K, reserved 1048576K
}
Event: 6788,674 GC heap before
{Heap before GC invocations=53 (full 7):
 PSYoungGen      total 401408K, used 399516K [0x00000000e0000000, 0x0000000100000000, 0x0000000100000000)
  eden space 349184K, 99% used [0x00000000e0000000,0x00000000f539d6e8,0x00000000f5500000)
  from space 52224K, 99% used [0x00000000f5500000,0x00000000f8789ac8,0x00000000f8800000)
  to   space 89600K, 0% used [0x00000000fa880000,0x00000000fa880000,0x0000000100000000)
 ParOldGen       total 358912K, used 200737K [0x00000000a0000000, 0x00000000b5e80000, 0x00000000e0000000)
  object space 358912K, 55% used [0x00000000a0000000,0x00000000ac408460,0x00000000b5e80000)
 Metaspace       used 120156K, capacity 125620K, committed 125744K, reserved 1159168K
  class space    used 15281K, capacity 16328K, committed 16432K, reserved 1048576K
Event: 6788,789 GC heap after
Heap after GC invocations=53 (full 7):
 PSYoungGen      total 389632K, used 89596K [0x00000000e0000000, 0x0000000100000000, 0x0000000100000000)
  eden space 300032K, 0% used [0x00000000e0000000,0x00000000e0000000,0x00000000f2500000)
  from space 89600K, 99% used [0x00000000fa880000,0x00000000fffff2c0,0x0000000100000000)
  to   space 112128K, 0% used [0x00000000f2500000,0x00000000f2500000,0x00000000f9280000)
 ParOldGen       total 358912K, used 219495K [0x00000000a0000000, 0x00000000b5e80000, 0x00000000e0000000)
  object space 358912K, 61% used [0x00000000a0000000,0x00000000ad659ff0,0x00000000b5e80000)
 Metaspace       used 120156K, capacity 125620K, committed 125744K, reserved 1159168K
  class space    used 15281K, capacity 16328K, committed 16432K, reserved 1048576K
}
Event: 7084,675 GC heap before
{Heap before GC invocations=54 (full 7):
 PSYoungGen      total 389632K, used 389628K [0x00000000e0000000, 0x0000000100000000, 0x0000000100000000)
  eden space 300032K, 100% used [0x00000000e0000000,0x00000000f2500000,0x00000000f2500000)
  from space 89600K, 99% used [0x00000000fa880000,0x00000000fffff2c0,0x0000000100000000)
  to   space 112128K, 0% used [0x00000000f2500000,0x00000000f2500000,0x00000000f9280000)
 ParOldGen       total 358912K, used 219495K [0x00000000a0000000, 0x00000000b5e80000, 0x00000000e0000000)
  object space 358912K, 61% used [0x00000000a0000000,0x00000000ad659ff0,0x00000000b5e80000)
 Metaspace       used 120590K, capacity 126316K, committed 126640K, reserved 1159168K
  class space    used 15325K, capacity 16402K, committed 16560K, reserved 1048576K
Event: 7084,727 GC heap after
Heap after GC invocations=54 (full 7):
 PSYoungGen      total 412160K, used 24140K [0x00000000e0000000, 0x0000000100000000, 0x0000000100000000)
  eden space 300032K, 0% used [0x00000000e0000000,0x00000000e0000000,0x00000000f2500000)
  from space 112128K, 21% used [0x00000000f2500000,0x00000000f3c933a8,0x00000000f9280000)
  to   space 107520K, 0% used [0x00000000f9700000,0x00000000f9700000,0x0000000100000000)
 ParOldGen       total 358912K, used 238402K [0x00000000a0000000, 0x00000000b5e80000, 0x00000000e0000000)
  object space 358912K, 66% used [0x00000000a0000000,0x00000000ae8d09f0,0x00000000b5e80000)
 Metaspace       used 120590K, capacity 126316K, committed 126640K, reserved 1159168K
  class space    used 15325K, capacity 16402K, committed 16560K, reserved 1048576K
}

